# JRE version: OpenJDK Runtime Environment (8.0_212-b04) (build 1.8.0_212-release-1586-b04)
# Java VM: OpenJDK 64-Bit Server VM (25.212-b04 mixed mode windows-amd64 compressed oops)
Heap:
 PSYoungGen      total 252416K, used 218480K [0x00000000e0000000, 0x00000000f1d00000, 0x0000000100000000)
  eden space 224256K, 95% used [0x00000000e0000000,0x00000000ed08c228,0x00000000edb00000)
  from space 28160K, 17% used [0x00000000ef680000,0x00000000efb50050,0x00000000f1200000)
  to   space 28160K, 0% used [0x00000000edb00000,0x00000000edb00000,0x00000000ef680000)
 ParOldGen       total 189952K, used 61868K [0x00000000a0000000, 0x00000000ab980000, 0x00000000e0000000)
  object space 189952K, 32% used [0x00000000a0000000,0x00000000a3c6b088,0x00000000ab980000)
 Metaspace       used 94820K, capacity 99426K, committed 102220K, reserved 1138688K
  class space    used 12191K, capacity 13038K, committed 13696K, reserved 1048576K
GC Heap History (10 events):
Event: 9044.918 GC heap before
{Heap before GC invocations=28 (full 4):
 PSYoungGen      total 159232K, used 131584K [0x00000000e0000000, 0x00000000ed880000, 0x0000000100000000)
  eden space 131584K, 100% used [0x00000000e0000000,0x00000000e8080000,0x00000000e8080000)
  from space 27648K, 0% used [0x00000000e8080000,0x00000000e8080000,0x00000000e9b80000)
  to   space 27648K, 0% used [0x00000000ebd80000,0x00000000ebd80000,0x00000000ed880000)
 ParOldGen       total 189952K, used 50691K [0x00000000a0000000, 0x00000000ab980000, 0x00000000e0000000)
  object space 189952K, 26% used [0x00000000a0000000,0x00000000a3180ed0,0x00000000ab980000)
 Metaspace       used 93783K, capacity 98212K, committed 101068K, reserved 1136640K
  class space    used 12141K, capacity 12981K, committed 13568K, reserved 1048576K
Event: 9044.943 GC heap after
Heap after GC invocations=28 (full 4):
 PSYoungGen      total 193024K, used 3026K [0x00000000e0000000, 0x00000000edb00000, 0x0000000100000000)
  eden space 165376K, 0% used [0x00000000e0000000,0x00000000e0000000,0x00000000ea180000)
  from space 27648K, 10% used [0x00000000ebd80000,0x00000000ec074ab8,0x00000000ed880000)
  to   space 28672K, 0% used [0x00000000ea180000,0x00000000ea180000,0x00000000ebd80000)
 ParOldGen       total 189952K, used 50699K [0x00000000a0000000, 0x00000000ab980000, 0x00000000e0000000)
  object space 189952K, 26% used [0x00000000a0000000,0x00000000a3182ed0,0x00000000ab980000)
 Metaspace       used 93783K, capacity 98212K, committed 101068K, reserved 1136640K
  class space    used 12141K, capacity 12981K, committed 13568K, reserved 1048576K
}
Event: 9807.080 GC heap before
{Heap before GC invocations=29 (full 4):
 PSYoungGen      total 193024K, used 168402K [0x00000000e0000000, 0x00000000edb00000, 0x0000000100000000)
  eden space 165376K, 100% used [0x00000000e0000000,0x00000000ea180000,0x00000000ea180000)
  from space 27648K, 10% used [0x00000000ebd80000,0x00000000ec074ab8,0x00000000ed880000)
  to   space 28672K, 0% used [0x00000000ea180000,0x00000000ea180000,0x00000000ebd80000)
 ParOldGen       total 189952K, used 50699K [0x00000000a0000000, 0x00000000ab980000, 0x00000000e0000000)
  object space 189952K, 26% used [0x00000000a0000000,0x00000000a3182ed0,0x00000000ab980000)
 Metaspace       used 94234K, capacity 98772K, committed 101580K, reserved 1136640K
  class space    used 12151K, capacity 12985K, committed 13568K, reserved 1048576K
Event: 9807.209 GC heap after
Heap after GC invocations=29 (full 4):
 PSYoungGen      total 194048K, used 5728K [0x00000000e0000000, 0x00000000ef680000, 0x0000000100000000)
  eden space 165376K, 0% used [0x00000000e0000000,0x00000000e0000000,0x00000000ea180000)
  from space 28672K, 19% used [0x00000000ea180000,0x00000000ea718030,0x00000000ebd80000)
  to   space 28672K, 0% used [0x00000000eda80000,0x00000000eda80000,0x00000000ef680000)
 ParOldGen       total 189952K, used 50707K [0x00000000a0000000, 0x00000000ab980000, 0x00000000e0000000)
  object space 189952K, 26% used [0x00000000a0000000,0x00000000a3184ed0,0x00000000ab980000)
 Metaspace       used 94234K, capacity 98772K, committed 101580K, reserved 1136640K
  class space    used 12151K, capacity 12985K, committed 13568K, reserved 1048576K
}
Event: 9810.742 GC heap before
{Heap before GC invocations=30 (full 4):
 PSYoungGen      total 194048K, used 171104K [0x00000000e0000000, 0x00000000ef680000, 0x0000000100000000)
  eden space 165376K, 100% used [0x00000000e0000000,0x00000000ea180000,0x00000000ea180000)
  from space 28672K, 19% used [0x00000000ea180000,0x00000000ea718030,0x00000000ebd80000)
  to   space 28672K, 0% used [0x00000000eda80000,0x00000000eda80000,0x00000000ef680000)
 ParOldGen       total 189952K, used 50707K [0x00000000a0000000, 0x00000000ab980000, 0x00000000e0000000)
  object space 189952K, 26% used [0x00000000a0000000,0x00000000a3184ed0,0x00000000ab980000)
 Metaspace       used 94533K, capacity 99064K, committed 101836K, reserved 1138688K
  class space    used 12168K, capacity 12997K, committed 13568K, reserved 1048576K
Event: 9810.796 GC heap after
Heap after GC invocations=30 (full 4):
 PSYoungGen      total 218624K, used 15522K [0x00000000e0000000, 0x00000000ef380000, 0x0000000100000000)
  eden space 193024K, 0% used [0x00000000e0000000,0x00000000e0000000,0x00000000ebc80000)
  from space 25600K, 60% used [0x00000000eda80000,0x00000000ee9a8ab8,0x00000000ef380000)
  to   space 28160K, 0% used [0x00000000ebc80000,0x00000000ebc80000,0x00000000ed800000)
 ParOldGen       total 189952K, used 50707K [0x00000000a0000000, 0x00000000ab980000, 0x00000000e0000000)
  object space 189952K, 26% used [0x00000000a0000000,0x00000000a3184ed0,0x00000000ab980000)
 Metaspace       used 94533K, capacity 99064K, committed 101836K, reserved 1138688K
  class space    used 12168K, capacity 12997K, committed 13568K, reserved 1048576K
}
Event: 9813.169 GC heap before
{Heap before GC invocations=31 (full 4):
 PSYoungGen      total 218624K, used 208546K [0x00000000e0000000, 0x00000000ef380000, 0x0000000100000000)
  eden space 193024K, 100% used [0x00000000e0000000,0x00000000ebc80000,0x00000000ebc80000)
  from space 25600K, 60% used [0x00000000eda80000,0x00000000ee9a8ab8,0x00000000ef380000)
  to   space 28160K, 0% used [0x00000000ebc80000,0x00000000ebc80000,0x00000000ed800000)
 ParOldGen       total 189952K, used 50707K [0x00000000a0000000, 0x00000000ab980000, 0x00000000e0000000)
  object space 189952K, 26% used [0x00000000a0000000,0x00000000a3184ed0,0x00000000ab980000)
 Metaspace       used 94747K, capacity 99346K, committed 101964K, reserved 1138688K
  class space    used 12191K, capacity 13038K, committed 13696K, reserved 1048576K
Event: 9813.226 GC heap after
Heap after GC invocations=31 (full 4):
 PSYoungGen      total 221184K, used 16973K [0x00000000e0000000, 0x00000000f1200000, 0x0000000100000000)
  eden space 193024K, 0% used [0x00000000e0000000,0x00000000e0000000,0x00000000ebc80000)
  from space 28160K, 60% used [0x00000000ebc80000,0x00000000ecd13788,0x00000000ed800000)
  to   space 28160K, 0% used [0x00000000ef680000,0x00000000ef680000,0x00000000f1200000)
 ParOldGen       total 189952K, used 51807K [0x00000000a0000000, 0x00000000ab980000, 0x00000000e0000000)
  object space 189952K, 27% used [0x00000000a0000000,0x00000000a3297f20,0x00000000ab980000)
 Metaspace       used 94747K, capacity 99346K, committed 101964K, reserved 1138688K
  class space    used 12191K, capacity 13038K, committed 13696K, reserved 1048576K
}
Event: 9815.813 GC heap before
{Heap before GC invocations=32 (full 4):
 PSYoungGen      total 221184K, used 209997K [0x00000000e0000000, 0x00000000f1200000, 0x0000000100000000)
  eden space 193024K, 100% used [0x00000000e0000000,0x00000000ebc80000,0x00000000ebc80000)
  from space 28160K, 60% used [0x00000000ebc80000,0x00000000ecd13788,0x00000000ed800000)
  to   space 28160K, 0% used [0x00000000ef680000,0x00000000ef680000,0x00000000f1200000)
 ParOldGen       total 189952K, used 51807K [0x00000000a0000000, 0x00000000ab980000, 0x00000000e0000000)
  object space 189952K, 27% used [0x00000000a0000000,0x00000000a3297f20,0x00000000ab980000)
 Metaspace       used 94789K, capacity 99418K, committed 102220K, reserved 1138688K
  class space    used 12191K, capacity 13038K, committed 13696K, reserved 1048576K
Event: 9816.406 GC heap after
Heap after GC invocations=32 (full 4):
 PSYoungGen      total 252416K, used 4928K [0x00000000e0000000, 0x00000000f1d00000, 0x0000000100000000)
  eden space 224256K, 0% used [0x00000000e0000000,0x00000000e0000000,0x00000000edb00000)
  from space 28160K, 17% used [0x00000000ef680000,0x00000000efb50050,0x00000000f1200000)
  to   space 28160K, 0% used [0x00000000edb00000,0x00000000edb00000,0x00000000ef680000)
 ParOldGen       total 189952K, used 61868K [0x00000000a0000000, 0x00000000ab980000, 0x00000000e0000000)
  object space 189952K, 32% used [0x00000000a0000000,0x00000000a3c6b088,0x00000000ab980000)
 Metaspace       used 94789K, capacity 99418K, committed 102220K, reserved 1138688K
  class space    used 12191K, capacity 13038K, committed 13696K, reserved 1048576K
}

