# JRE version: OpenJDK Runtime Environment (8.0_212-b04) (build 1.8.0_212-release-1586-b04)
# Java VM: OpenJDK 64-Bit Server VM (25.212-b04 mixed mode windows-amd64 compressed oops)
Heap:
 PSYoungGen      total 485888K, used 161694K [0x00000000e0000000, 0x00000000ffc00000, 0x0000000100000000)
  eden space 456704K, 32% used [0x00000000e0000000,0x00000000e904c480,0x00000000fbe00000)
  from space 29184K, 47% used [0x00000000fdf80000,0x00000000fed1b5b0,0x00000000ffc00000)
  to   space 31744K, 0% used [0x00000000fbe00000,0x00000000fbe00000,0x00000000fdd00000)
 ParOldGen       total 142336K, used 116707K [0x00000000a0000000, 0x00000000a8b00000, 0x00000000e0000000)
  object space 142336K, 81% used [0x00000000a0000000,0x00000000a71f8f80,0x00000000a8b00000)
 Metaspace       used 84453K, capacity 88974K, committed 89216K, reserved 1126400K
  class space    used 11179K, capacity 12036K, committed 12160K, reserved 1048576K
GC Heap History (10 events):
Event: 118.046 GC heap before
{Heap before GC invocations=25 (full 3):
 PSYoungGen      total 280576K, used 280562K [0x00000000e0000000, 0x00000000f8880000, 0x0000000100000000)
  eden space 250880K, 100% used [0x00000000e0000000,0x00000000ef500000,0x00000000ef500000)
  from space 29696K, 99% used [0x00000000ef500000,0x00000000f11fcb70,0x00000000f1200000)
  to   space 35840K, 0% used [0x00000000f6580000,0x00000000f6580000,0x00000000f8880000)
 ParOldGen       total 142336K, used 70718K [0x00000000a0000000, 0x00000000a8b00000, 0x00000000e0000000)
  object space 142336K, 49% used [0x00000000a0000000,0x00000000a450fa70,0x00000000a8b00000)
 Metaspace       used 79417K, capacity 83750K, committed 83840K, reserved 1122304K
  class space    used 10535K, capacity 11358K, committed 11392K, reserved 1048576K
Event: 118.499 GC heap after
Heap after GC invocations=25 (full 3):
 PSYoungGen      total 366592K, used 19627K [0x00000000e0000000, 0x00000000f8980000, 0x0000000100000000)
  eden space 330752K, 0% used [0x00000000e0000000,0x00000000e0000000,0x00000000f4300000)
  from space 35840K, 54% used [0x00000000f6580000,0x00000000f78aad30,0x00000000f8880000)
  to   space 35328K, 0% used [0x00000000f4300000,0x00000000f4300000,0x00000000f6580000)
 ParOldGen       total 142336K, used 85461K [0x00000000a0000000, 0x00000000a8b00000, 0x00000000e0000000)
  object space 142336K, 60% used [0x00000000a0000000,0x00000000a5375470,0x00000000a8b00000)
 Metaspace       used 79417K, capacity 83750K, committed 83840K, reserved 1122304K
  class space    used 10535K, capacity 11358K, committed 11392K, reserved 1048576K
}
Event: 121.187 GC heap before
{Heap before GC invocations=26 (full 3):
 PSYoungGen      total 366592K, used 350379K [0x00000000e0000000, 0x00000000f8980000, 0x0000000100000000)
  eden space 330752K, 100% used [0x00000000e0000000,0x00000000f4300000,0x00000000f4300000)
  from space 35840K, 54% used [0x00000000f6580000,0x00000000f78aad30,0x00000000f8880000)
  to   space 35328K, 0% used [0x00000000f4300000,0x00000000f4300000,0x00000000f6580000)
 ParOldGen       total 142336K, used 85461K [0x00000000a0000000, 0x00000000a8b00000, 0x00000000e0000000)
  object space 142336K, 60% used [0x00000000a0000000,0x00000000a5375470,0x00000000a8b00000)
 Metaspace       used 79474K, capacity 83818K, committed 84096K, reserved 1122304K
  class space    used 10537K, capacity 11358K, committed 11392K, reserved 1048576K
Event: 121.260 GC heap after
Heap after GC invocations=26 (full 3):
 PSYoungGen      total 366080K, used 10287K [0x00000000e0000000, 0x00000000fea80000, 0x0000000100000000)
  eden space 330752K, 0% used [0x00000000e0000000,0x00000000e0000000,0x00000000f4300000)
  from space 35328K, 29% used [0x00000000f4300000,0x00000000f4d0bf20,0x00000000f6580000)
  to   space 34304K, 0% used [0x00000000fc900000,0x00000000fc900000,0x00000000fea80000)
 ParOldGen       total 142336K, used 96047K [0x00000000a0000000, 0x00000000a8b00000, 0x00000000e0000000)
  object space 142336K, 67% used [0x00000000a0000000,0x00000000a5dcbfb0,0x00000000a8b00000)
 Metaspace       used 79474K, capacity 83818K, committed 84096K, reserved 1122304K
  class space    used 10537K, capacity 11358K, committed 11392K, reserved 1048576K
}
Event: 123.025 GC heap before
{Heap before GC invocations=27 (full 3):
 PSYoungGen      total 366080K, used 341039K [0x00000000e0000000, 0x00000000fea80000, 0x0000000100000000)
  eden space 330752K, 100% used [0x00000000e0000000,0x00000000f4300000,0x00000000f4300000)
  from space 35328K, 29% used [0x00000000f4300000,0x00000000f4d0bf20,0x00000000f6580000)
  to   space 34304K, 0% used [0x00000000fc900000,0x00000000fc900000,0x00000000fea80000)
 ParOldGen       total 142336K, used 96047K [0x00000000a0000000, 0x00000000a8b00000, 0x00000000e0000000)
  object space 142336K, 67% used [0x00000000a0000000,0x00000000a5dcbfb0,0x00000000a8b00000)
 Metaspace       used 79490K, capacity 83826K, committed 84096K, reserved 1122304K
  class space    used 10539K, capacity 11360K, committed 11392K, reserved 1048576K
Event: 123.049 GC heap after
Heap after GC invocations=27 (full 3):
 PSYoungGen      total 455680K, used 4320K [0x00000000e0000000, 0x00000000fe480000, 0x0000000100000000)
  eden space 427520K, 0% used [0x00000000e0000000,0x00000000e0000000,0x00000000fa180000)
  from space 28160K, 15% used [0x00000000fc900000,0x00000000fcd38020,0x00000000fe480000)
  to   space 34304K, 0% used [0x00000000fa180000,0x00000000fa180000,0x00000000fc300000)
 ParOldGen       total 142336K, used 105921K [0x00000000a0000000, 0x00000000a8b00000, 0x00000000e0000000)
  object space 142336K, 74% used [0x00000000a0000000,0x00000000a6770570,0x00000000a8b00000)
 Metaspace       used 79490K, capacity 83826K, committed 84096K, reserved 1122304K
  class space    used 10539K, capacity 11360K, committed 11392K, reserved 1048576K
}
Event: 130.482 GC heap before
{Heap before GC invocations=28 (full 3):
 PSYoungGen      total 455680K, used 431840K [0x00000000e0000000, 0x00000000fe480000, 0x0000000100000000)
  eden space 427520K, 100% used [0x00000000e0000000,0x00000000fa180000,0x00000000fa180000)
  from space 28160K, 15% used [0x00000000fc900000,0x00000000fcd38020,0x00000000fe480000)
  to   space 34304K, 0% used [0x00000000fa180000,0x00000000fa180000,0x00000000fc300000)
 ParOldGen       total 142336K, used 105921K [0x00000000a0000000, 0x00000000a8b00000, 0x00000000e0000000)
  object space 142336K, 74% used [0x00000000a0000000,0x00000000a6770570,0x00000000a8b00000)
 Metaspace       used 79524K, capacity 83896K, committed 84096K, reserved 1122304K
  class space    used 10539K, capacity 11361K, committed 11392K, reserved 1048576K
Event: 130.652 GC heap after
Heap after GC invocations=28 (full 3):
 PSYoungGen      total 461824K, used 7950K [0x00000000e0000000, 0x0000000100000000, 0x0000000100000000)
  eden space 427520K, 0% used [0x00000000e0000000,0x00000000e0000000,0x00000000fa180000)
  from space 34304K, 23% used [0x00000000fa180000,0x00000000fa943ba8,0x00000000fc300000)
  to   space 33280K, 0% used [0x00000000fdf80000,0x00000000fdf80000,0x0000000100000000)
 ParOldGen       total 142336K, used 109265K [0x00000000a0000000, 0x00000000a8b00000, 0x00000000e0000000)
  object space 142336K, 76% used [0x00000000a0000000,0x00000000a6ab4580,0x00000000a8b00000)
 Metaspace       used 79524K, capacity 83896K, committed 84096K, reserved 1122304K
  class space    used 10539K, capacity 11361K, committed 11392K, reserved 1048576K
}
Event: 141.662 GC heap before
{Heap before GC invocations=29 (full 3):
 PSYoungGen      total 461824K, used 435470K [0x00000000e0000000, 0x0000000100000000, 0x0000000100000000)
  eden space 427520K, 100% used [0x00000000e0000000,0x00000000fa180000,0x00000000fa180000)
  from space 34304K, 23% used [0x00000000fa180000,0x00000000fa943ba8,0x00000000fc300000)
  to   space 33280K, 0% used [0x00000000fdf80000,0x00000000fdf80000,0x0000000100000000)
 ParOldGen       total 142336K, used 109265K [0x00000000a0000000, 0x00000000a8b00000, 0x00000000e0000000)
  object space 142336K, 76% used [0x00000000a0000000,0x00000000a6ab4580,0x00000000a8b00000)
 Metaspace       used 82375K, capacity 86760K, committed 87040K, reserved 1124352K
  class space    used 10868K, capacity 11689K, committed 11776K, reserved 1048576K
Event: 141.792 GC heap after
Heap after GC invocations=29 (full 3):
 PSYoungGen      total 485888K, used 13933K [0x00000000e0000000, 0x00000000ffc00000, 0x0000000100000000)
  eden space 456704K, 0% used [0x00000000e0000000,0x00000000e0000000,0x00000000fbe00000)
  from space 29184K, 47% used [0x00000000fdf80000,0x00000000fed1b5b0,0x00000000ffc00000)
  to   space 31744K, 0% used [0x00000000fbe00000,0x00000000fbe00000,0x00000000fdd00000)
 ParOldGen       total 142336K, used 116707K [0x00000000a0000000, 0x00000000a8b00000, 0x00000000e0000000)
  object space 142336K, 81% used [0x00000000a0000000,0x00000000a71f8f80,0x00000000a8b00000)
 Metaspace       used 82375K, capacity 86760K, committed 87040K, reserved 1124352K
  class space    used 10868K, capacity 11689K, committed 11776K, reserved 1048576K
}

